<?xml version="1.0" encoding="UTF-8"?>
<robot generator="Robot 5.0.1 (Python 3.10.5 on win32)" generated="20220722 16:05:44.815" rpa="false" schemaversion="3">
<suite id="s1" name="MyJio" source="C:\Bond automation\Demo\tests\MyJio.robot">
<test id="s1-t1" name="Verify MyJio PopUp" line="11">
<kw name="Begin Web Test" library="Common" type="SETUP">
<kw name="Open Browser" library="SeleniumLibrary">
<arg>about:blank</arg>
<arg>${browser}</arg>
<doc>Opens a new browser instance to the optional ``url``.</doc>
<msg timestamp="20220722 16:05:45.328" level="INFO">Opening browser 'chrome' to base url 'about:blank'.</msg>
<status status="PASS" starttime="20220722 16:05:45.328" endtime="20220722 16:05:48.938"/>
</kw>
<kw name="Maximize Browser Window" library="SeleniumLibrary">
<doc>Maximizes current browser window.</doc>
<status status="PASS" starttime="20220722 16:05:48.939" endtime="20220722 16:05:49.059"/>
</kw>
<status status="PASS" starttime="20220722 16:05:45.327" endtime="20220722 16:05:49.059"/>
</kw>
<kw name="Visit Apps Page" library="MyJioApp">
<kw name="Site" library="AppsPage">
<kw name="Go To" library="SeleniumLibrary">
<arg>${URL-Apps}</arg>
<doc>Navigates the current browser window to the provided ``url``.</doc>
<msg timestamp="20220722 16:05:49.061" level="INFO">Opening url 'https://www.jio.com/en-in/apps'</msg>
<status status="PASS" starttime="20220722 16:05:49.060" endtime="20220722 16:05:50.051"/>
</kw>
<kw name="Sleep" library="BuiltIn">
<arg>3s</arg>
<doc>Pauses the test executed for the given time.</doc>
<msg timestamp="20220722 16:05:53.053" level="INFO">Slept 3 seconds</msg>
<status status="PASS" starttime="20220722 16:05:50.051" endtime="20220722 16:05:53.053"/>
</kw>
<kw name="Log To Console" library="BuiltIn">
<arg>\n</arg>
<doc>Logs the given message to the console.</doc>
<status status="PASS" starttime="20220722 16:05:53.053" endtime="20220722 16:05:53.053"/>
</kw>
<status status="PASS" starttime="20220722 16:05:49.060" endtime="20220722 16:05:53.053"/>
</kw>
<status status="PASS" starttime="20220722 16:05:49.060" endtime="20220722 16:05:53.053"/>
</kw>
<kw name="Get AppName" library="MyJioApp">
<kw name="Get" library="AppName">
<kw name="Get Text" library="SeleniumLibrary">
<var>${app_name}</var>
<arg>${AppName_Main}</arg>
<doc>Returns the text value of the element identified by ``locator``.</doc>
<msg timestamp="20220722 16:05:53.084" level="INFO">${app_name} = MyJio</msg>
<status status="PASS" starttime="20220722 16:05:53.055" endtime="20220722 16:05:53.084"/>
</kw>
<kw name="Log To Console" library="BuiltIn">
<arg>${app_name}</arg>
<doc>Logs the given message to the console.</doc>
<status status="PASS" starttime="20220722 16:05:53.084" endtime="20220722 16:05:53.084"/>
</kw>
<kw name="Set Global Variable" library="BuiltIn">
<arg>${app_name}</arg>
<arg>${app_name}</arg>
<doc>Makes a variable available globally in all tests and suites.</doc>
<msg timestamp="20220722 16:05:53.085" level="INFO">${app_name} = MyJio</msg>
<status status="PASS" starttime="20220722 16:05:53.084" endtime="20220722 16:05:53.085"/>
</kw>
<kw name="Get Element Attribute" library="SeleniumLibrary">
<var>${ID}</var>
<arg>(${Get_Now})[1]</arg>
<arg>data-id</arg>
<doc>Returns the value of ``attribute`` from the element ``locator``.</doc>
<msg timestamp="20220722 16:05:53.118" level="INFO">${ID} = 1461128276383</msg>
<status status="PASS" starttime="20220722 16:05:53.085" endtime="20220722 16:05:53.118"/>
</kw>
<kw name="Set Global Variable" library="BuiltIn">
<arg>${ID}</arg>
<arg>${ID}</arg>
<doc>Makes a variable available globally in all tests and suites.</doc>
<msg timestamp="20220722 16:05:53.118" level="INFO">${ID} = 1461128276383</msg>
<status status="PASS" starttime="20220722 16:05:53.118" endtime="20220722 16:05:53.118"/>
</kw>
<status status="PASS" starttime="20220722 16:05:53.055" endtime="20220722 16:05:53.118"/>
</kw>
<status status="PASS" starttime="20220722 16:05:53.053" endtime="20220722 16:05:53.118"/>
</kw>
<kw name="Open MyJio PopUp" library="MyJioApp">
<kw name="GetNow" library="GetNow">
<kw name="Click Element" library="SeleniumLibrary">
<arg>(${Get_Now})[1]</arg>
<doc>Click the element identified by ``locator``.</doc>
<msg timestamp="20220722 16:05:53.119" level="INFO">Clicking element '((//div[@class="j-button-group flex-nowrap"]//child::button[1])[1])[1]'.</msg>
<status status="PASS" starttime="20220722 16:05:53.119" endtime="20220722 16:05:53.201"/>
</kw>
<kw name="Wait Until Page Contains" library="SeleniumLibrary">
<arg>${app_name}</arg>
<doc>Waits until ``text`` appears on the current page.</doc>
<status status="PASS" starttime="20220722 16:05:53.202" endtime="20220722 16:05:53.220"/>
</kw>
<kw name="Sleep" library="BuiltIn">
<arg>2s</arg>
<doc>Pauses the test executed for the given time.</doc>
<msg timestamp="20220722 16:05:55.231" level="INFO">Slept 2 seconds</msg>
<status status="PASS" starttime="20220722 16:05:53.220" endtime="20220722 16:05:55.231"/>
</kw>
<status status="PASS" starttime="20220722 16:05:53.119" endtime="20220722 16:05:55.231"/>
</kw>
<status status="PASS" starttime="20220722 16:05:53.119" endtime="20220722 16:05:55.231"/>
</kw>
<kw name="Redirection To Download Pages" library="MyJioApp">
<kw name="Main Page download" library="MyJio download">
<kw name="Get WebElements" library="SeleniumLibrary">
<var>${a}</var>
<arg>xpath=//a[@class='j-link GAFieldAppNameDS']</arg>
<doc>Returns a list of WebElement objects matching the ``locator``.</doc>
<msg timestamp="20220722 16:05:55.243" level="INFO">${a} = [&lt;selenium.webdriver.remote.webelement.WebElement (session="4f47740f27ef4d28aad643554699df2d", element="ca8db0ee-9811-42ef-8d49-21f48395e72c")&gt;, &lt;selenium.webdriver.remote.webelement.WebElement (sessi...</msg>
<status status="PASS" starttime="20220722 16:05:55.233" endtime="20220722 16:05:55.243"/>
</kw>
<kw name="Get Length" library="BuiltIn">
<var>${len}</var>
<arg>${a}</arg>
<doc>Returns and logs the length of the given item as an integer.</doc>
<msg timestamp="20220722 16:05:55.244" level="INFO">Length is 2</msg>
<msg timestamp="20220722 16:05:55.244" level="INFO">${len} = 2</msg>
<status status="PASS" starttime="20220722 16:05:55.243" endtime="20220722 16:05:55.244"/>
</kw>
<kw name="Log To Console" library="BuiltIn">
<arg>${len} Clients</arg>
<doc>Logs the given message to the console.</doc>
<status status="PASS" starttime="20220722 16:05:55.244" endtime="20220722 16:05:55.244"/>
</kw>
<if>
<branch type="IF" condition="${len} == 2">
<kw name="Go to Playstore" library="Playstore">
<kw name="Click Element" library="SeleniumLibrary">
<arg>${Android_download_button}</arg>
<doc>Click the element identified by ``locator``.</doc>
<msg timestamp="20220722 16:05:55.245" level="INFO">Clicking element '(//div[@class="img-inline-flex"]//a)[1]'.</msg>
<status status="PASS" starttime="20220722 16:05:55.245" endtime="20220722 16:05:55.304"/>
</kw>
<kw name="Page Should Contain" library="SeleniumLibrary">
<arg>${app_name}</arg>
<doc>Verifies that current page contains ``text``.</doc>
<msg timestamp="20220722 16:05:55.318" level="INFO">Current page contains text 'MyJio'.</msg>
<status status="PASS" starttime="20220722 16:05:55.305" endtime="20220722 16:05:55.318"/>
</kw>
<kw name="Log To Console" library="BuiltIn">
<arg>${app_name} Android</arg>
<doc>Logs the given message to the console.</doc>
<status status="PASS" starttime="20220722 16:05:55.318" endtime="20220722 16:05:55.319"/>
</kw>
<kw name="Sleep" library="BuiltIn">
<arg>5s</arg>
<doc>Pauses the test executed for the given time.</doc>
<msg timestamp="20220722 16:06:00.331" level="INFO">Slept 5 seconds</msg>
<status status="PASS" starttime="20220722 16:05:55.319" endtime="20220722 16:06:00.331"/>
</kw>
<kw name="Capture Page Screenshot" library="SeleniumLibrary">
<doc>Takes a screenshot of the current page and embeds it into a log file.</doc>
<msg timestamp="20220722 16:06:00.501" level="INFO" html="true">&lt;/td&gt;&lt;/tr&gt;&lt;tr&gt;&lt;td colspan="3"&gt;&lt;a href="selenium-screenshot-1.png"&gt;&lt;img src="selenium-screenshot-1.png" width="800px"&gt;&lt;/a&gt;</msg>
<status status="PASS" starttime="20220722 16:06:00.331" endtime="20220722 16:06:00.501"/>
</kw>
<status status="PASS" starttime="20220722 16:05:55.244" endtime="20220722 16:06:00.501"/>
</kw>
<kw name="Revisit AppPage" library="MyJio download">
<kw name="Go To" library="SeleniumLibrary">
<arg>${URL-Apps}</arg>
<doc>Navigates the current browser window to the provided ``url``.</doc>
<msg timestamp="20220722 16:06:00.501" level="INFO">Opening url 'https://www.jio.com/en-in/apps'</msg>
<status status="PASS" starttime="20220722 16:06:00.501" endtime="20220722 16:06:00.868"/>
</kw>
<kw name="Sleep" library="BuiltIn">
<arg>2s</arg>
<doc>Pauses the test executed for the given time.</doc>
<msg timestamp="20220722 16:06:02.874" level="INFO">Slept 2 seconds</msg>
<status status="PASS" starttime="20220722 16:06:00.868" endtime="20220722 16:06:02.874"/>
</kw>
<kw name="Click Element" library="SeleniumLibrary">
<arg>${Get_Now}</arg>
<doc>Click the element identified by ``locator``.</doc>
<msg timestamp="20220722 16:06:02.875" level="INFO">Clicking element '(//div[@class="j-button-group flex-nowrap"]//child::button[1])[1]'.</msg>
<status status="PASS" starttime="20220722 16:06:02.874" endtime="20220722 16:06:02.951"/>
</kw>
<kw name="Sleep" library="BuiltIn">
<arg>3s</arg>
<doc>Pauses the test executed for the given time.</doc>
<msg timestamp="20220722 16:06:05.960" level="INFO">Slept 3 seconds</msg>
<status status="PASS" starttime="20220722 16:06:02.951" endtime="20220722 16:06:05.960"/>
</kw>
<status status="PASS" starttime="20220722 16:06:00.501" endtime="20220722 16:06:05.960"/>
</kw>
<kw name="Go to Appstore" library="Appstore">
<kw name="Click Element" library="SeleniumLibrary">
<arg>${iOS_download_button}</arg>
<doc>Click the element identified by ``locator``.</doc>
<msg timestamp="20220722 16:06:05.961" level="INFO">Clicking element '(//a[@data-appname="MyJio"])[2]'.</msg>
<status status="PASS" starttime="20220722 16:06:05.961" endtime="20220722 16:06:06.033"/>
</kw>
<kw name="Page Should Contain" library="SeleniumLibrary">
<arg>${app_name}</arg>
<doc>Verifies that current page contains ``text``.</doc>
<msg timestamp="20220722 16:06:06.050" level="INFO">Current page contains text 'MyJio'.</msg>
<status status="PASS" starttime="20220722 16:06:06.034" endtime="20220722 16:06:06.050"/>
</kw>
<kw name="Log To Console" library="BuiltIn">
<arg>${app_name} iOS</arg>
<doc>Logs the given message to the console.</doc>
<status status="PASS" starttime="20220722 16:06:06.050" endtime="20220722 16:06:06.051"/>
</kw>
<kw name="Sleep" library="BuiltIn">
<arg>5s</arg>
<doc>Pauses the test executed for the given time.</doc>
<msg timestamp="20220722 16:06:11.059" level="INFO">Slept 5 seconds</msg>
<status status="PASS" starttime="20220722 16:06:06.051" endtime="20220722 16:06:11.059"/>
</kw>
<kw name="Capture Page Screenshot" library="SeleniumLibrary">
<doc>Takes a screenshot of the current page and embeds it into a log file.</doc>
<msg timestamp="20220722 16:06:11.244" level="INFO" html="true">&lt;/td&gt;&lt;/tr&gt;&lt;tr&gt;&lt;td colspan="3"&gt;&lt;a href="selenium-screenshot-2.png"&gt;&lt;img src="selenium-screenshot-2.png" width="800px"&gt;&lt;/a&gt;</msg>
<status status="PASS" starttime="20220722 16:06:11.059" endtime="20220722 16:06:11.244"/>
</kw>
<status status="PASS" starttime="20220722 16:06:05.960" endtime="20220722 16:06:11.244"/>
</kw>
<status status="PASS" starttime="20220722 16:05:55.244" endtime="20220722 16:06:11.244"/>
</branch>
<status status="PASS" starttime="20220722 16:05:55.244" endtime="20220722 16:06:11.244"/>
</if>
<status status="PASS" starttime="20220722 16:05:55.233" endtime="20220722 16:06:11.244"/>
</kw>
<status status="PASS" starttime="20220722 16:05:55.232" endtime="20220722 16:06:11.244"/>
</kw>
<kw name="End Web Test" library="Common" type="TEARDOWN">
<kw name="Close Browser" library="SeleniumLibrary">
<doc>Closes the current browser.</doc>
<status status="PASS" starttime="20220722 16:06:11.245" endtime="20220722 16:06:13.557"/>
</kw>
<status status="PASS" starttime="20220722 16:06:11.245" endtime="20220722 16:06:13.557"/>
</kw>
<doc>To verify the redirection of MyJio Download pages from main page</doc>
<tag>First</tag>
<status status="PASS" starttime="20220722 16:05:45.326" endtime="20220722 16:06:13.558"/>
</test>
<test id="s1-t2" name="My Jio AppPage" line="19">
<kw name="Begin Web Test" library="Common" type="SETUP">
<kw name="Open Browser" library="SeleniumLibrary">
<arg>about:blank</arg>
<arg>${browser}</arg>
<doc>Opens a new browser instance to the optional ``url``.</doc>
<msg timestamp="20220722 16:06:13.563" level="INFO">Opening browser 'chrome' to base url 'about:blank'.</msg>
<status status="PASS" starttime="20220722 16:06:13.562" endtime="20220722 16:06:16.945"/>
</kw>
<kw name="Maximize Browser Window" library="SeleniumLibrary">
<doc>Maximizes current browser window.</doc>
<status status="PASS" starttime="20220722 16:06:16.945" endtime="20220722 16:06:17.074"/>
</kw>
<status status="PASS" starttime="20220722 16:06:13.562" endtime="20220722 16:06:17.074"/>
</kw>
<kw name="Visit Apps Page" library="MyJioApp">
<kw name="Site" library="AppsPage">
<kw name="Go To" library="SeleniumLibrary">
<arg>${URL-Apps}</arg>
<doc>Navigates the current browser window to the provided ``url``.</doc>
<msg timestamp="20220722 16:06:17.075" level="INFO">Opening url 'https://www.jio.com/en-in/apps'</msg>
<status status="PASS" starttime="20220722 16:06:17.075" endtime="20220722 16:06:17.996"/>
</kw>
<kw name="Sleep" library="BuiltIn">
<arg>3s</arg>
<doc>Pauses the test executed for the given time.</doc>
<msg timestamp="20220722 16:06:21.010" level="INFO">Slept 3 seconds</msg>
<status status="PASS" starttime="20220722 16:06:17.996" endtime="20220722 16:06:21.010"/>
</kw>
<kw name="Log To Console" library="BuiltIn">
<arg>\n</arg>
<doc>Logs the given message to the console.</doc>
<status status="PASS" starttime="20220722 16:06:21.010" endtime="20220722 16:06:21.011"/>
</kw>
<status status="PASS" starttime="20220722 16:06:17.075" endtime="20220722 16:06:21.011"/>
</kw>
<status status="PASS" starttime="20220722 16:06:17.075" endtime="20220722 16:06:21.011"/>
</kw>
<kw name="Get AppName" library="MyJioApp">
<kw name="Get" library="AppName">
<kw name="Get Text" library="SeleniumLibrary">
<var>${app_name}</var>
<arg>${AppName_Main}</arg>
<doc>Returns the text value of the element identified by ``locator``.</doc>
<msg timestamp="20220722 16:06:21.039" level="INFO">${app_name} = MyJio</msg>
<status status="PASS" starttime="20220722 16:06:21.012" endtime="20220722 16:06:21.039"/>
</kw>
<kw name="Log To Console" library="BuiltIn">
<arg>${app_name}</arg>
<doc>Logs the given message to the console.</doc>
<status status="PASS" starttime="20220722 16:06:21.039" endtime="20220722 16:06:21.040"/>
</kw>
<kw name="Set Global Variable" library="BuiltIn">
<arg>${app_name}</arg>
<arg>${app_name}</arg>
<doc>Makes a variable available globally in all tests and suites.</doc>
<msg timestamp="20220722 16:06:21.040" level="INFO">${app_name} = MyJio</msg>
<status status="PASS" starttime="20220722 16:06:21.040" endtime="20220722 16:06:21.040"/>
</kw>
<kw name="Get Element Attribute" library="SeleniumLibrary">
<var>${ID}</var>
<arg>(${Get_Now})[1]</arg>
<arg>data-id</arg>
<doc>Returns the value of ``attribute`` from the element ``locator``.</doc>
<msg timestamp="20220722 16:06:21.066" level="INFO">${ID} = 1461128276383</msg>
<status status="PASS" starttime="20220722 16:06:21.040" endtime="20220722 16:06:21.066"/>
</kw>
<kw name="Set Global Variable" library="BuiltIn">
<arg>${ID}</arg>
<arg>${ID}</arg>
<doc>Makes a variable available globally in all tests and suites.</doc>
<msg timestamp="20220722 16:06:21.067" level="INFO">${ID} = 1461128276383</msg>
<status status="PASS" starttime="20220722 16:06:21.066" endtime="20220722 16:06:21.067"/>
</kw>
<status status="PASS" starttime="20220722 16:06:21.011" endtime="20220722 16:06:21.067"/>
</kw>
<status status="PASS" starttime="20220722 16:06:21.011" endtime="20220722 16:06:21.067"/>
</kw>
<kw name="Click Knowmore" library="MyJioApp">
<kw name="Knowmore" library="MyJio_AppPage">
<kw name="Scroll Element Into View" library="SeleniumLibrary">
<arg>${Knowmore}</arg>
<doc>Scrolls the element identified by ``locator`` into view.</doc>
<status status="PASS" starttime="20220722 16:06:21.068" endtime="20220722 16:06:21.361"/>
</kw>
<kw name="Click Element" library="SeleniumLibrary">
<arg>${Knowmore}</arg>
<doc>Click the element identified by ``locator``.</doc>
<msg timestamp="20220722 16:06:21.361" level="INFO">Clicking element '(//div[@class="j-button-group flex-nowrap"]//child::button[2])[1]'.</msg>
<status status="PASS" starttime="20220722 16:06:21.361" endtime="20220722 16:06:21.435"/>
</kw>
<kw name="Page Should Contain" library="SeleniumLibrary">
<arg>${app_name}</arg>
<doc>Verifies that current page contains ``text``.</doc>
<msg timestamp="20220722 16:06:21.455" level="INFO">Current page contains text 'MyJio'.</msg>
<status status="PASS" starttime="20220722 16:06:21.435" endtime="20220722 16:06:21.455"/>
</kw>
<kw name="Sleep" library="BuiltIn">
<arg>3s</arg>
<doc>Pauses the test executed for the given time.</doc>
<msg timestamp="20220722 16:06:24.468" level="INFO">Slept 3 seconds</msg>
<status status="PASS" starttime="20220722 16:06:21.455" endtime="20220722 16:06:24.468"/>
</kw>
<status status="PASS" starttime="20220722 16:06:21.068" endtime="20220722 16:06:24.468"/>
</kw>
<status status="PASS" starttime="20220722 16:06:21.068" endtime="20220722 16:06:24.468"/>
</kw>
<kw name="Check Get MyJio" library="MyJioApp">
<kw name="Get MyJio" library="GetNow">
<kw name="Click Element" library="SeleniumLibrary">
<arg>${Get MyJio}</arg>
<doc>Click the element identified by ``locator``.</doc>
<msg timestamp="20220722 16:06:24.471" level="INFO">Clicking element '//div[@class="j-contentBlock__description j-text-body-l j-color-primary-grey-80"]'.</msg>
<status status="PASS" starttime="20220722 16:06:24.470" endtime="20220722 16:06:24.577"/>
</kw>
<kw name="Wait Until Page Contains" library="SeleniumLibrary">
<arg>${app_name}</arg>
<doc>Waits until ``text`` appears on the current page.</doc>
<status status="PASS" starttime="20220722 16:06:24.577" endtime="20220722 16:06:24.595"/>
</kw>
<kw name="Sleep" library="BuiltIn">
<arg>3s</arg>
<doc>Pauses the test executed for the given time.</doc>
<msg timestamp="20220722 16:06:27.595" level="INFO">Slept 3 seconds</msg>
<status status="PASS" starttime="20220722 16:06:24.595" endtime="20220722 16:06:27.595"/>
</kw>
<status status="PASS" starttime="20220722 16:06:24.470" endtime="20220722 16:06:27.595"/>
</kw>
<kw name="Get MyJio Download" library="MyJio download">
<kw name="Get WebElements" library="SeleniumLibrary">
<var>${a}</var>
<arg>xpath=//a[@class='j-link GAFieldAppNameDS']</arg>
<doc>Returns a list of WebElement objects matching the ``locator``.</doc>
<msg timestamp="20220722 16:06:27.625" level="INFO">${a} = [&lt;selenium.webdriver.remote.webelement.WebElement (session="602796f7354bdbbd137fb7a68b1b558a", element="4aa850c5-f2df-4677-94c8-ce6e635e5a7a")&gt;, &lt;selenium.webdriver.remote.webelement.WebElement (sessi...</msg>
<status status="PASS" starttime="20220722 16:06:27.596" endtime="20220722 16:06:27.625"/>
</kw>
<kw name="Get Length" library="BuiltIn">
<var>${len}</var>
<arg>${a}</arg>
<doc>Returns and logs the length of the given item as an integer.</doc>
<msg timestamp="20220722 16:06:27.625" level="INFO">Length is 2</msg>
<msg timestamp="20220722 16:06:27.625" level="INFO">${len} = 2</msg>
<status status="PASS" starttime="20220722 16:06:27.625" endtime="20220722 16:06:27.625"/>
</kw>
<kw name="Log To Console" library="BuiltIn">
<arg>${len} Clients</arg>
<doc>Logs the given message to the console.</doc>
<status status="PASS" starttime="20220722 16:06:27.625" endtime="20220722 16:06:27.626"/>
</kw>
<if>
<branch type="IF" condition="${len} == 2">
<kw name="Go to Playstore" library="Playstore">
<kw name="Click Element" library="SeleniumLibrary">
<arg>${Android_download_button}</arg>
<doc>Click the element identified by ``locator``.</doc>
<msg timestamp="20220722 16:06:27.627" level="INFO">Clicking element '(//div[@class="img-inline-flex"]//a)[1]'.</msg>
<status status="PASS" starttime="20220722 16:06:27.626" endtime="20220722 16:06:27.705"/>
</kw>
<kw name="Page Should Contain" library="SeleniumLibrary">
<arg>${app_name}</arg>
<doc>Verifies that current page contains ``text``.</doc>
<msg timestamp="20220722 16:06:27.727" level="INFO">Current page contains text 'MyJio'.</msg>
<status status="PASS" starttime="20220722 16:06:27.705" endtime="20220722 16:06:27.727"/>
</kw>
<kw name="Log To Console" library="BuiltIn">
<arg>${app_name} Android</arg>
<doc>Logs the given message to the console.</doc>
<status status="PASS" starttime="20220722 16:06:27.727" endtime="20220722 16:06:27.727"/>
</kw>
<kw name="Sleep" library="BuiltIn">
<arg>5s</arg>
<doc>Pauses the test executed for the given time.</doc>
<msg timestamp="20220722 16:06:32.743" level="INFO">Slept 5 seconds</msg>
<status status="PASS" starttime="20220722 16:06:27.727" endtime="20220722 16:06:32.743"/>
</kw>
<kw name="Capture Page Screenshot" library="SeleniumLibrary">
<doc>Takes a screenshot of the current page and embeds it into a log file.</doc>
<msg timestamp="20220722 16:06:32.941" level="INFO" html="true">&lt;/td&gt;&lt;/tr&gt;&lt;tr&gt;&lt;td colspan="3"&gt;&lt;a href="selenium-screenshot-3.png"&gt;&lt;img src="selenium-screenshot-3.png" width="800px"&gt;&lt;/a&gt;</msg>
<status status="PASS" starttime="20220722 16:06:32.743" endtime="20220722 16:06:32.941"/>
</kw>
<status status="PASS" starttime="20220722 16:06:27.626" endtime="20220722 16:06:32.941"/>
</kw>
<kw name="Revisit MyJio AppPage" library="MyJio download">
<kw name="Go To" library="SeleniumLibrary">
<arg>${URL-Apps}</arg>
<doc>Navigates the current browser window to the provided ``url``.</doc>
<msg timestamp="20220722 16:06:32.942" level="INFO">Opening url 'https://www.jio.com/en-in/apps'</msg>
<status status="PASS" starttime="20220722 16:06:32.942" endtime="20220722 16:06:33.313"/>
</kw>
<kw name="Click Element" library="SeleniumLibrary">
<arg>${Knowmore}</arg>
<doc>Click the element identified by ``locator``.</doc>
<msg timestamp="20220722 16:06:33.314" level="INFO">Clicking element '(//div[@class="j-button-group flex-nowrap"]//child::button[2])[1]'.</msg>
<status status="PASS" starttime="20220722 16:06:33.314" endtime="20220722 16:06:33.432"/>
</kw>
<kw name="Page Should Contain" library="SeleniumLibrary">
<arg>${app_name}</arg>
<doc>Verifies that current page contains ``text``.</doc>
<msg timestamp="20220722 16:06:33.451" level="INFO">Current page contains text 'MyJio'.</msg>
<status status="PASS" starttime="20220722 16:06:33.432" endtime="20220722 16:06:33.452"/>
</kw>
<kw name="Sleep" library="BuiltIn">
<arg>3s</arg>
<doc>Pauses the test executed for the given time.</doc>
<msg timestamp="20220722 16:06:36.460" level="INFO">Slept 3 seconds</msg>
<status status="PASS" starttime="20220722 16:06:33.452" endtime="20220722 16:06:36.460"/>
</kw>
<status status="PASS" starttime="20220722 16:06:32.942" endtime="20220722 16:06:36.460"/>
</kw>
<kw name="Get MyJio" library="GetNow">
<kw name="Click Element" library="SeleniumLibrary">
<arg>${Get MyJio}</arg>
<doc>Click the element identified by ``locator``.</doc>
<msg timestamp="20220722 16:06:36.461" level="INFO">Clicking element '//div[@class="j-contentBlock__description j-text-body-l j-color-primary-grey-80"]'.</msg>
<status status="PASS" starttime="20220722 16:06:36.461" endtime="20220722 16:06:36.540"/>
</kw>
<kw name="Wait Until Page Contains" library="SeleniumLibrary">
<arg>${app_name}</arg>
<doc>Waits until ``text`` appears on the current page.</doc>
<status status="PASS" starttime="20220722 16:06:36.540" endtime="20220722 16:06:36.556"/>
</kw>
<kw name="Sleep" library="BuiltIn">
<arg>3s</arg>
<doc>Pauses the test executed for the given time.</doc>
<msg timestamp="20220722 16:06:39.557" level="INFO">Slept 3 seconds</msg>
<status status="PASS" starttime="20220722 16:06:36.556" endtime="20220722 16:06:39.557"/>
</kw>
<status status="PASS" starttime="20220722 16:06:36.460" endtime="20220722 16:06:39.557"/>
</kw>
<kw name="Go to Appstore" library="Appstore">
<kw name="Click Element" library="SeleniumLibrary">
<arg>${iOS_download_button}</arg>
<doc>Click the element identified by ``locator``.</doc>
<msg timestamp="20220722 16:06:39.558" level="INFO">Clicking element '(//a[@data-appname="MyJio"])[2]'.</msg>
<status status="PASS" starttime="20220722 16:06:39.558" endtime="20220722 16:06:39.625"/>
</kw>
<kw name="Page Should Contain" library="SeleniumLibrary">
<arg>${app_name}</arg>
<doc>Verifies that current page contains ``text``.</doc>
<msg timestamp="20220722 16:06:39.639" level="INFO">Current page contains text 'MyJio'.</msg>
<status status="PASS" starttime="20220722 16:06:39.625" endtime="20220722 16:06:39.640"/>
</kw>
<kw name="Log To Console" library="BuiltIn">
<arg>${app_name} iOS</arg>
<doc>Logs the given message to the console.</doc>
<status status="PASS" starttime="20220722 16:06:39.640" endtime="20220722 16:06:39.641"/>
</kw>
<kw name="Sleep" library="BuiltIn">
<arg>5s</arg>
<doc>Pauses the test executed for the given time.</doc>
<msg timestamp="20220722 16:06:44.656" level="INFO">Slept 5 seconds</msg>
<status status="PASS" starttime="20220722 16:06:39.641" endtime="20220722 16:06:44.656"/>
</kw>
<kw name="Capture Page Screenshot" library="SeleniumLibrary">
<doc>Takes a screenshot of the current page and embeds it into a log file.</doc>
<msg timestamp="20220722 16:06:44.839" level="INFO" html="true">&lt;/td&gt;&lt;/tr&gt;&lt;tr&gt;&lt;td colspan="3"&gt;&lt;a href="selenium-screenshot-4.png"&gt;&lt;img src="selenium-screenshot-4.png" width="800px"&gt;&lt;/a&gt;</msg>
<status status="PASS" starttime="20220722 16:06:44.656" endtime="20220722 16:06:44.839"/>
</kw>
<status status="PASS" starttime="20220722 16:06:39.557" endtime="20220722 16:06:44.839"/>
</kw>
<status status="PASS" starttime="20220722 16:06:27.626" endtime="20220722 16:06:44.839"/>
</branch>
<status status="PASS" starttime="20220722 16:06:27.626" endtime="20220722 16:06:44.839"/>
</if>
<status status="PASS" starttime="20220722 16:06:27.595" endtime="20220722 16:06:44.839"/>
</kw>
<status status="PASS" starttime="20220722 16:06:24.469" endtime="20220722 16:06:44.840"/>
</kw>
<kw name="Check MyJio Get Now Buttons" library="MyJioApp">
<kw name="MyJio AppPage GetNow" library="MyJio download">
<kw name="Revisit MyJio AppPage" library="MyJio download">
<kw name="Go To" library="SeleniumLibrary">
<arg>${URL-Apps}</arg>
<doc>Navigates the current browser window to the provided ``url``.</doc>
<msg timestamp="20220722 16:06:44.841" level="INFO">Opening url 'https://www.jio.com/en-in/apps'</msg>
<status status="PASS" starttime="20220722 16:06:44.841" endtime="20220722 16:06:45.130"/>
</kw>
<kw name="Click Element" library="SeleniumLibrary">
<arg>${Knowmore}</arg>
<doc>Click the element identified by ``locator``.</doc>
<msg timestamp="20220722 16:06:45.131" level="INFO">Clicking element '(//div[@class="j-button-group flex-nowrap"]//child::button[2])[1]'.</msg>
<status status="PASS" starttime="20220722 16:06:45.130" endtime="20220722 16:06:45.268"/>
</kw>
<kw name="Page Should Contain" library="SeleniumLibrary">
<arg>${app_name}</arg>
<doc>Verifies that current page contains ``text``.</doc>
<msg timestamp="20220722 16:06:45.286" level="INFO">Current page contains text 'MyJio'.</msg>
<status status="PASS" starttime="20220722 16:06:45.268" endtime="20220722 16:06:45.286"/>
</kw>
<kw name="Sleep" library="BuiltIn">
<arg>3s</arg>
<doc>Pauses the test executed for the given time.</doc>
<msg timestamp="20220722 16:06:48.297" level="INFO">Slept 3 seconds</msg>
<status status="PASS" starttime="20220722 16:06:45.287" endtime="20220722 16:06:48.297"/>
</kw>
<status status="PASS" starttime="20220722 16:06:44.841" endtime="20220722 16:06:48.297"/>
</kw>
<kw name="Get Element Count" library="SeleniumLibrary">
<var>${a}</var>
<arg>xpath= //button[@data-id='${ID}']</arg>
<doc>Returns the number of elements matching ``locator``.</doc>
<msg timestamp="20220722 16:06:48.312" level="INFO">${a} = 2</msg>
<status status="PASS" starttime="20220722 16:06:48.297" endtime="20220722 16:06:48.313"/>
</kw>
<kw name="Log To Console" library="BuiltIn">
<arg>${a}</arg>
<doc>Logs the given message to the console.</doc>
<status status="PASS" starttime="20220722 16:06:48.313" endtime="20220722 16:06:48.313"/>
</kw>
<for flavor="IN RANGE">
<var>${i}</var>
<value>1</value>
<value>${a}+1</value>
<iter>
<var name="${i}">1</var>
<kw name="Scroll Element Into View" library="SeleniumLibrary">
<arg>xpath= (//button[@data-id='${ID}'])[${i}]</arg>
<doc>Scrolls the element identified by ``locator`` into view.</doc>
<status status="PASS" starttime="20220722 16:06:48.314" endtime="20220722 16:06:48.597"/>
</kw>
<kw name="Log To Console" library="BuiltIn">
<arg>Get now button-${i}</arg>
<doc>Logs the given message to the console.</doc>
<status status="PASS" starttime="20220722 16:06:48.597" endtime="20220722 16:06:48.597"/>
</kw>
<kw name="Click Element" library="SeleniumLibrary">
<arg>xpath= (//button[@data-id='${ID}'])[${i}]</arg>
<doc>Click the element identified by ``locator``.</doc>
<msg timestamp="20220722 16:06:48.598" level="INFO">Clicking element 'xpath= (//button[@data-id='1461128276383'])[1]'.</msg>
<status status="PASS" starttime="20220722 16:06:48.598" endtime="20220722 16:06:48.657"/>
</kw>
<kw name="Page Should Contain" library="SeleniumLibrary">
<arg>${app_name}</arg>
<doc>Verifies that current page contains ``text``.</doc>
<msg timestamp="20220722 16:06:48.675" level="INFO">Current page contains text 'MyJio'.</msg>
<status status="PASS" starttime="20220722 16:06:48.658" endtime="20220722 16:06:48.675"/>
</kw>
<kw name="Sleep" library="BuiltIn">
<arg>2s</arg>
<doc>Pauses the test executed for the given time.</doc>
<msg timestamp="20220722 16:06:50.684" level="INFO">Slept 2 seconds</msg>
<status status="PASS" starttime="20220722 16:06:48.676" endtime="20220722 16:06:50.684"/>
</kw>
<kw name="Go to Playstore" library="Playstore">
<kw name="Click Element" library="SeleniumLibrary">
<arg>${Android_download_button}</arg>
<doc>Click the element identified by ``locator``.</doc>
<msg timestamp="20220722 16:06:50.685" level="INFO">Clicking element '(//div[@class="img-inline-flex"]//a)[1]'.</msg>
<status status="PASS" starttime="20220722 16:06:50.684" endtime="20220722 16:06:50.746"/>
</kw>
<kw name="Page Should Contain" library="SeleniumLibrary">
<arg>${app_name}</arg>
<doc>Verifies that current page contains ``text``.</doc>
<msg timestamp="20220722 16:06:50.760" level="INFO">Current page contains text 'MyJio'.</msg>
<status status="PASS" starttime="20220722 16:06:50.746" endtime="20220722 16:06:50.761"/>
</kw>
<kw name="Log To Console" library="BuiltIn">
<arg>${app_name} Android</arg>
<doc>Logs the given message to the console.</doc>
<status status="PASS" starttime="20220722 16:06:50.761" endtime="20220722 16:06:50.761"/>
</kw>
<kw name="Sleep" library="BuiltIn">
<arg>5s</arg>
<doc>Pauses the test executed for the given time.</doc>
<msg timestamp="20220722 16:06:55.770" level="INFO">Slept 5 seconds</msg>
<status status="PASS" starttime="20220722 16:06:50.761" endtime="20220722 16:06:55.770"/>
</kw>
<kw name="Capture Page Screenshot" library="SeleniumLibrary">
<doc>Takes a screenshot of the current page and embeds it into a log file.</doc>
<msg timestamp="20220722 16:06:55.938" level="INFO" html="true">&lt;/td&gt;&lt;/tr&gt;&lt;tr&gt;&lt;td colspan="3"&gt;&lt;a href="selenium-screenshot-5.png"&gt;&lt;img src="selenium-screenshot-5.png" width="800px"&gt;&lt;/a&gt;</msg>
<status status="PASS" starttime="20220722 16:06:55.770" endtime="20220722 16:06:55.938"/>
</kw>
<status status="PASS" starttime="20220722 16:06:50.684" endtime="20220722 16:06:55.938"/>
</kw>
<kw name="Revisit MyJio AppPage" library="MyJio download">
<kw name="Go To" library="SeleniumLibrary">
<arg>${URL-Apps}</arg>
<doc>Navigates the current browser window to the provided ``url``.</doc>
<msg timestamp="20220722 16:06:55.938" level="INFO">Opening url 'https://www.jio.com/en-in/apps'</msg>
<status status="PASS" starttime="20220722 16:06:55.938" endtime="20220722 16:06:56.241"/>
</kw>
<kw name="Click Element" library="SeleniumLibrary">
<arg>${Knowmore}</arg>
<doc>Click the element identified by ``locator``.</doc>
<msg timestamp="20220722 16:06:56.241" level="INFO">Clicking element '(//div[@class="j-button-group flex-nowrap"]//child::button[2])[1]'.</msg>
<status status="PASS" starttime="20220722 16:06:56.241" endtime="20220722 16:06:56.376"/>
</kw>
<kw name="Page Should Contain" library="SeleniumLibrary">
<arg>${app_name}</arg>
<doc>Verifies that current page contains ``text``.</doc>
<msg timestamp="20220722 16:06:56.397" level="INFO">Current page contains text 'MyJio'.</msg>
<status status="PASS" starttime="20220722 16:06:56.377" endtime="20220722 16:06:56.397"/>
</kw>
<kw name="Sleep" library="BuiltIn">
<arg>3s</arg>
<doc>Pauses the test executed for the given time.</doc>
<msg timestamp="20220722 16:06:59.397" level="INFO">Slept 3 seconds</msg>
<status status="PASS" starttime="20220722 16:06:56.397" endtime="20220722 16:06:59.397"/>
</kw>
<status status="PASS" starttime="20220722 16:06:55.938" endtime="20220722 16:06:59.397"/>
</kw>
<kw name="Scroll Element Into View" library="SeleniumLibrary">
<arg>xpath= (//button[@data-id='${ID}'])[${i}]</arg>
<doc>Scrolls the element identified by ``locator`` into view.</doc>
<status status="PASS" starttime="20220722 16:06:59.397" endtime="20220722 16:06:59.710"/>
</kw>
<kw name="Log To Console" library="BuiltIn">
<arg>Get now button-${i}</arg>
<doc>Logs the given message to the console.</doc>
<status status="PASS" starttime="20220722 16:06:59.710" endtime="20220722 16:06:59.711"/>
</kw>
<kw name="Click Element" library="SeleniumLibrary">
<arg>xpath= (//button[@data-id='${ID}'])[${i}]</arg>
<doc>Click the element identified by ``locator``.</doc>
<msg timestamp="20220722 16:06:59.712" level="INFO">Clicking element 'xpath= (//button[@data-id='1461128276383'])[1]'.</msg>
<status status="PASS" starttime="20220722 16:06:59.711" endtime="20220722 16:06:59.765"/>
</kw>
<kw name="Page Should Contain" library="SeleniumLibrary">
<arg>${app_name}</arg>
<doc>Verifies that current page contains ``text``.</doc>
<msg timestamp="20220722 16:06:59.786" level="INFO">Current page contains text 'MyJio'.</msg>
<status status="PASS" starttime="20220722 16:06:59.766" endtime="20220722 16:06:59.786"/>
</kw>
<kw name="Sleep" library="BuiltIn">
<arg>2s</arg>
<doc>Pauses the test executed for the given time.</doc>
<msg timestamp="20220722 16:07:01.799" level="INFO">Slept 2 seconds</msg>
<status status="PASS" starttime="20220722 16:06:59.786" endtime="20220722 16:07:01.799"/>
</kw>
<kw name="Go to Appstore" library="Appstore">
<kw name="Click Element" library="SeleniumLibrary">
<arg>${iOS_download_button}</arg>
<doc>Click the element identified by ``locator``.</doc>
<msg timestamp="20220722 16:07:01.800" level="INFO">Clicking element '(//a[@data-appname="MyJio"])[2]'.</msg>
<status status="PASS" starttime="20220722 16:07:01.800" endtime="20220722 16:07:01.859"/>
</kw>
<kw name="Page Should Contain" library="SeleniumLibrary">
<arg>${app_name}</arg>
<doc>Verifies that current page contains ``text``.</doc>
<msg timestamp="20220722 16:07:01.873" level="INFO">Current page contains text 'MyJio'.</msg>
<status status="PASS" starttime="20220722 16:07:01.860" endtime="20220722 16:07:01.874"/>
</kw>
<kw name="Log To Console" library="BuiltIn">
<arg>${app_name} iOS</arg>
<doc>Logs the given message to the console.</doc>
<status status="PASS" starttime="20220722 16:07:01.874" endtime="20220722 16:07:01.874"/>
</kw>
<kw name="Sleep" library="BuiltIn">
<arg>5s</arg>
<doc>Pauses the test executed for the given time.</doc>
<msg timestamp="20220722 16:07:06.881" level="INFO">Slept 5 seconds</msg>
<status status="PASS" starttime="20220722 16:07:01.875" endtime="20220722 16:07:06.881"/>
</kw>
<kw name="Capture Page Screenshot" library="SeleniumLibrary">
<doc>Takes a screenshot of the current page and embeds it into a log file.</doc>
<msg timestamp="20220722 16:07:07.053" level="INFO" html="true">&lt;/td&gt;&lt;/tr&gt;&lt;tr&gt;&lt;td colspan="3"&gt;&lt;a href="selenium-screenshot-6.png"&gt;&lt;img src="selenium-screenshot-6.png" width="800px"&gt;&lt;/a&gt;</msg>
<status status="PASS" starttime="20220722 16:07:06.881" endtime="20220722 16:07:07.053"/>
</kw>
<status status="PASS" starttime="20220722 16:07:01.799" endtime="20220722 16:07:07.054"/>
</kw>
<kw name="Revisit MyJio AppPage" library="MyJio download">
<kw name="Go To" library="SeleniumLibrary">
<arg>${URL-Apps}</arg>
<doc>Navigates the current browser window to the provided ``url``.</doc>
<msg timestamp="20220722 16:07:07.054" level="INFO">Opening url 'https://www.jio.com/en-in/apps'</msg>
<status status="PASS" starttime="20220722 16:07:07.054" endtime="20220722 16:07:07.326"/>
</kw>
<kw name="Click Element" library="SeleniumLibrary">
<arg>${Knowmore}</arg>
<doc>Click the element identified by ``locator``.</doc>
<msg timestamp="20220722 16:07:07.326" level="INFO">Clicking element '(//div[@class="j-button-group flex-nowrap"]//child::button[2])[1]'.</msg>
<status status="PASS" starttime="20220722 16:07:07.326" endtime="20220722 16:07:07.443"/>
</kw>
<kw name="Page Should Contain" library="SeleniumLibrary">
<arg>${app_name}</arg>
<doc>Verifies that current page contains ``text``.</doc>
<msg timestamp="20220722 16:07:07.466" level="INFO">Current page contains text 'MyJio'.</msg>
<status status="PASS" starttime="20220722 16:07:07.443" endtime="20220722 16:07:07.466"/>
</kw>
<kw name="Sleep" library="BuiltIn">
<arg>3s</arg>
<doc>Pauses the test executed for the given time.</doc>
<msg timestamp="20220722 16:07:10.475" level="INFO">Slept 3 seconds</msg>
<status status="PASS" starttime="20220722 16:07:07.466" endtime="20220722 16:07:10.475"/>
</kw>
<status status="PASS" starttime="20220722 16:07:07.054" endtime="20220722 16:07:10.475"/>
</kw>
<status status="PASS" starttime="20220722 16:06:48.314" endtime="20220722 16:07:10.475"/>
</iter>
<iter>
<var name="${i}">2</var>
<kw name="Scroll Element Into View" library="SeleniumLibrary">
<arg>xpath= (//button[@data-id='${ID}'])[${i}]</arg>
<doc>Scrolls the element identified by ``locator`` into view.</doc>
<status status="PASS" starttime="20220722 16:07:10.476" endtime="20220722 16:07:10.756"/>
</kw>
<kw name="Log To Console" library="BuiltIn">
<arg>Get now button-${i}</arg>
<doc>Logs the given message to the console.</doc>
<status status="PASS" starttime="20220722 16:07:10.757" endtime="20220722 16:07:10.758"/>
</kw>
<kw name="Click Element" library="SeleniumLibrary">
<arg>xpath= (//button[@data-id='${ID}'])[${i}]</arg>
<doc>Click the element identified by ``locator``.</doc>
<msg timestamp="20220722 16:07:10.758" level="INFO">Clicking element 'xpath= (//button[@data-id='1461128276383'])[2]'.</msg>
<status status="PASS" starttime="20220722 16:07:10.758" endtime="20220722 16:07:10.819"/>
</kw>
<kw name="Page Should Contain" library="SeleniumLibrary">
<arg>${app_name}</arg>
<doc>Verifies that current page contains ``text``.</doc>
<msg timestamp="20220722 16:07:10.837" level="INFO">Current page contains text 'MyJio'.</msg>
<status status="PASS" starttime="20220722 16:07:10.819" endtime="20220722 16:07:10.838"/>
</kw>
<kw name="Sleep" library="BuiltIn">
<arg>2s</arg>
<doc>Pauses the test executed for the given time.</doc>
<msg timestamp="20220722 16:07:12.848" level="INFO">Slept 2 seconds</msg>
<status status="PASS" starttime="20220722 16:07:10.838" endtime="20220722 16:07:12.848"/>
</kw>
<kw name="Go to Playstore" library="Playstore">
<kw name="Click Element" library="SeleniumLibrary">
<arg>${Android_download_button}</arg>
<doc>Click the element identified by ``locator``.</doc>
<msg timestamp="20220722 16:07:12.849" level="INFO">Clicking element '(//div[@class="img-inline-flex"]//a)[1]'.</msg>
<status status="PASS" starttime="20220722 16:07:12.849" endtime="20220722 16:07:12.915"/>
</kw>
<kw name="Page Should Contain" library="SeleniumLibrary">
<arg>${app_name}</arg>
<doc>Verifies that current page contains ``text``.</doc>
<msg timestamp="20220722 16:07:12.930" level="INFO">Current page contains text 'MyJio'.</msg>
<status status="PASS" starttime="20220722 16:07:12.916" endtime="20220722 16:07:12.930"/>
</kw>
<kw name="Log To Console" library="BuiltIn">
<arg>${app_name} Android</arg>
<doc>Logs the given message to the console.</doc>
<status status="PASS" starttime="20220722 16:07:12.930" endtime="20220722 16:07:12.931"/>
</kw>
<kw name="Sleep" library="BuiltIn">
<arg>5s</arg>
<doc>Pauses the test executed for the given time.</doc>
<msg timestamp="20220722 16:07:17.935" level="INFO">Slept 5 seconds</msg>
<status status="PASS" starttime="20220722 16:07:12.931" endtime="20220722 16:07:17.935"/>
</kw>
<kw name="Capture Page Screenshot" library="SeleniumLibrary">
<doc>Takes a screenshot of the current page and embeds it into a log file.</doc>
<msg timestamp="20220722 16:07:18.100" level="INFO" html="true">&lt;/td&gt;&lt;/tr&gt;&lt;tr&gt;&lt;td colspan="3"&gt;&lt;a href="selenium-screenshot-7.png"&gt;&lt;img src="selenium-screenshot-7.png" width="800px"&gt;&lt;/a&gt;</msg>
<status status="PASS" starttime="20220722 16:07:17.935" endtime="20220722 16:07:18.100"/>
</kw>
<status status="PASS" starttime="20220722 16:07:12.848" endtime="20220722 16:07:18.100"/>
</kw>
<kw name="Revisit MyJio AppPage" library="MyJio download">
<kw name="Go To" library="SeleniumLibrary">
<arg>${URL-Apps}</arg>
<doc>Navigates the current browser window to the provided ``url``.</doc>
<msg timestamp="20220722 16:07:18.100" level="INFO">Opening url 'https://www.jio.com/en-in/apps'</msg>
<status status="PASS" starttime="20220722 16:07:18.100" endtime="20220722 16:07:18.417"/>
</kw>
<kw name="Click Element" library="SeleniumLibrary">
<arg>${Knowmore}</arg>
<doc>Click the element identified by ``locator``.</doc>
<msg timestamp="20220722 16:07:18.417" level="INFO">Clicking element '(//div[@class="j-button-group flex-nowrap"]//child::button[2])[1]'.</msg>
<status status="PASS" starttime="20220722 16:07:18.417" endtime="20220722 16:07:18.549"/>
</kw>
<kw name="Page Should Contain" library="SeleniumLibrary">
<arg>${app_name}</arg>
<doc>Verifies that current page contains ``text``.</doc>
<msg timestamp="20220722 16:07:18.577" level="INFO">Current page contains text 'MyJio'.</msg>
<status status="PASS" starttime="20220722 16:07:18.549" endtime="20220722 16:07:18.577"/>
</kw>
<kw name="Sleep" library="BuiltIn">
<arg>3s</arg>
<doc>Pauses the test executed for the given time.</doc>
<msg timestamp="20220722 16:07:21.583" level="INFO">Slept 3 seconds</msg>
<status status="PASS" starttime="20220722 16:07:18.577" endtime="20220722 16:07:21.583"/>
</kw>
<status status="PASS" starttime="20220722 16:07:18.100" endtime="20220722 16:07:21.583"/>
</kw>
<kw name="Scroll Element Into View" library="SeleniumLibrary">
<arg>xpath= (//button[@data-id='${ID}'])[${i}]</arg>
<doc>Scrolls the element identified by ``locator`` into view.</doc>
<status status="PASS" starttime="20220722 16:07:21.583" endtime="20220722 16:07:21.880"/>
</kw>
<kw name="Log To Console" library="BuiltIn">
<arg>Get now button-${i}</arg>
<doc>Logs the given message to the console.</doc>
<status status="PASS" starttime="20220722 16:07:21.880" endtime="20220722 16:07:21.880"/>
</kw>
<kw name="Click Element" library="SeleniumLibrary">
<arg>xpath= (//button[@data-id='${ID}'])[${i}]</arg>
<doc>Click the element identified by ``locator``.</doc>
<msg timestamp="20220722 16:07:21.881" level="INFO">Clicking element 'xpath= (//button[@data-id='1461128276383'])[2]'.</msg>
<status status="PASS" starttime="20220722 16:07:21.881" endtime="20220722 16:07:21.944"/>
</kw>
<kw name="Page Should Contain" library="SeleniumLibrary">
<arg>${app_name}</arg>
<doc>Verifies that current page contains ``text``.</doc>
<msg timestamp="20220722 16:07:21.962" level="INFO">Current page contains text 'MyJio'.</msg>
<status status="PASS" starttime="20220722 16:07:21.944" endtime="20220722 16:07:21.963"/>
</kw>
<kw name="Sleep" library="BuiltIn">
<arg>2s</arg>
<doc>Pauses the test executed for the given time.</doc>
<msg timestamp="20220722 16:07:23.975" level="INFO">Slept 2 seconds</msg>
<status status="PASS" starttime="20220722 16:07:21.963" endtime="20220722 16:07:23.975"/>
</kw>
<kw name="Go to Appstore" library="Appstore">
<kw name="Click Element" library="SeleniumLibrary">
<arg>${iOS_download_button}</arg>
<doc>Click the element identified by ``locator``.</doc>
<msg timestamp="20220722 16:07:23.975" level="INFO">Clicking element '(//a[@data-appname="MyJio"])[2]'.</msg>
<status status="PASS" starttime="20220722 16:07:23.975" endtime="20220722 16:07:24.031"/>
</kw>
<kw name="Page Should Contain" library="SeleniumLibrary">
<arg>${app_name}</arg>
<doc>Verifies that current page contains ``text``.</doc>
<msg timestamp="20220722 16:07:24.045" level="INFO">Current page contains text 'MyJio'.</msg>
<status status="PASS" starttime="20220722 16:07:24.031" endtime="20220722 16:07:24.045"/>
</kw>
<kw name="Log To Console" library="BuiltIn">
<arg>${app_name} iOS</arg>
<doc>Logs the given message to the console.</doc>
<status status="PASS" starttime="20220722 16:07:24.045" endtime="20220722 16:07:24.046"/>
</kw>
<kw name="Sleep" library="BuiltIn">
<arg>5s</arg>
<doc>Pauses the test executed for the given time.</doc>
<msg timestamp="20220722 16:07:29.061" level="INFO">Slept 5 seconds</msg>
<status status="PASS" starttime="20220722 16:07:24.046" endtime="20220722 16:07:29.061"/>
</kw>
<kw name="Capture Page Screenshot" library="SeleniumLibrary">
<doc>Takes a screenshot of the current page and embeds it into a log file.</doc>
<msg timestamp="20220722 16:07:29.234" level="INFO" html="true">&lt;/td&gt;&lt;/tr&gt;&lt;tr&gt;&lt;td colspan="3"&gt;&lt;a href="selenium-screenshot-8.png"&gt;&lt;img src="selenium-screenshot-8.png" width="800px"&gt;&lt;/a&gt;</msg>
<status status="PASS" starttime="20220722 16:07:29.061" endtime="20220722 16:07:29.234"/>
</kw>
<status status="PASS" starttime="20220722 16:07:23.975" endtime="20220722 16:07:29.234"/>
</kw>
<kw name="Revisit MyJio AppPage" library="MyJio download">
<kw name="Go To" library="SeleniumLibrary">
<arg>${URL-Apps}</arg>
<doc>Navigates the current browser window to the provided ``url``.</doc>
<msg timestamp="20220722 16:07:29.235" level="INFO">Opening url 'https://www.jio.com/en-in/apps'</msg>
<status status="PASS" starttime="20220722 16:07:29.235" endtime="20220722 16:07:29.509"/>
</kw>
<kw name="Click Element" library="SeleniumLibrary">
<arg>${Knowmore}</arg>
<doc>Click the element identified by ``locator``.</doc>
<msg timestamp="20220722 16:07:29.510" level="INFO">Clicking element '(//div[@class="j-button-group flex-nowrap"]//child::button[2])[1]'.</msg>
<status status="PASS" starttime="20220722 16:07:29.510" endtime="20220722 16:07:29.644"/>
</kw>
<kw name="Page Should Contain" library="SeleniumLibrary">
<arg>${app_name}</arg>
<doc>Verifies that current page contains ``text``.</doc>
<msg timestamp="20220722 16:07:29.664" level="INFO">Current page contains text 'MyJio'.</msg>
<status status="PASS" starttime="20220722 16:07:29.645" endtime="20220722 16:07:29.664"/>
</kw>
<kw name="Sleep" library="BuiltIn">
<arg>3s</arg>
<doc>Pauses the test executed for the given time.</doc>
<msg timestamp="20220722 16:07:32.665" level="INFO">Slept 3 seconds</msg>
<status status="PASS" starttime="20220722 16:07:29.664" endtime="20220722 16:07:32.665"/>
</kw>
<status status="PASS" starttime="20220722 16:07:29.234" endtime="20220722 16:07:32.665"/>
</kw>
<status status="PASS" starttime="20220722 16:07:10.475" endtime="20220722 16:07:32.665"/>
</iter>
<status status="PASS" starttime="20220722 16:06:48.313" endtime="20220722 16:07:32.665"/>
</for>
<kw name="Sleep" library="BuiltIn">
<arg>2s</arg>
<doc>Pauses the test executed for the given time.</doc>
<msg timestamp="20220722 16:07:34.674" level="INFO">Slept 2 seconds</msg>
<status status="PASS" starttime="20220722 16:07:32.666" endtime="20220722 16:07:34.674"/>
</kw>
<status status="PASS" starttime="20220722 16:06:44.840" endtime="20220722 16:07:34.674"/>
</kw>
<status status="PASS" starttime="20220722 16:06:44.840" endtime="20220722 16:07:34.674"/>
</kw>
<kw name="End Web Test" library="Common" type="TEARDOWN">
<kw name="Close Browser" library="SeleniumLibrary">
<doc>Closes the current browser.</doc>
<status status="PASS" starttime="20220722 16:07:34.675" endtime="20220722 16:07:36.995"/>
</kw>
<status status="PASS" starttime="20220722 16:07:34.675" endtime="20220722 16:07:36.995"/>
</kw>
<doc>To verify all download redirection pages from MyJio App page</doc>
<tag>Second</tag>
<status status="PASS" starttime="20220722 16:06:13.561" endtime="20220722 16:07:36.996"/>
</test>
<doc>Check all MyJio downloand redirection from Apps page</doc>
<status status="PASS" starttime="20220722 16:05:44.819" endtime="20220722 16:07:36.998"/>
</suite>
<statistics>
<total>
<stat pass="2" fail="0" skip="0">All Tests</stat>
</total>
<tag>
<stat pass="1" fail="0" skip="0">First</stat>
<stat pass="1" fail="0" skip="0">Second</stat>
</tag>
<suite>
<stat pass="2" fail="0" skip="0" id="s1" name="MyJio">MyJio</stat>
</suite>
</statistics>
<errors>
</errors>
</robot>
